<?xml version="1.0" encoding="UTF-8"?>
<!-- Generated by org.testng.reporters.JUnitReportReporter -->
<testsuite hostname="RR19-MB34.local" failures="0" tests="1" name="TC004_GET_PrintHeaders" time="1.520" errors="0" timestamp="2020-05-13T09:22:42 EDT" skipped="0">
  <testcase classname="TC004_GET_PrintHeaders" name="getPrintHeaders" time="1.520"/>
  <system-out/>
</testsuite> <!-- TC004_GET_PrintHeaders -->
