<?xml version="1.0" encoding="UTF-8"?>
<!-- Generated by org.testng.reporters.JUnitReportReporter -->
<testsuite hostname="RR19-MB34.local" failures="0" tests="1" name="TC003_GET_ValidateHeaders" time="1.465" errors="0" timestamp="2020-05-13T08:35:40 EDT" skipped="0">
  <testcase classname="TC003_GET_ValidateHeaders" name="getHeaders" time="1.465"/>
  <system-out/>
</testsuite> <!-- TC003_GET_ValidateHeaders -->
