<?xml version="1.0" encoding="UTF-8"?>
<!-- Generated by org.testng.reporters.JUnitReportReporter -->
<testsuite hostname="RR19-MB34.local" failures="0" tests="1" name="TC006_getValueofNodesinJson" time="1.702" errors="0" timestamp="2020-05-13T22:10:11 EDT" skipped="0">
  <testcase classname="TC006_getValueofNodesinJson" name="getValueofNodes" time="1.702"/>
  <system-out/>
</testsuite> <!-- TC006_getValueofNodesinJson -->
