<?xml version="1.0" encoding="UTF-8"?>
<!-- Generated by org.testng.reporters.JUnitReportReporter -->
<testsuite hostname="RR19-MB34.local" failures="0" tests="1" name="DataDrivenTesting_AddNewEmployees.addNewEmployees" time="0.000" errors="0" timestamp="2020-05-16T10:02:14 EDT" skipped="1">
  <testcase classname="DataDrivenTesting_AddNewEmployees.addNewEmployees" name="postNewEmployees" time="0.000">
    <skipped/>
  </testcase> <!-- postNewEmployees -->
  <system-out/>
</testsuite> <!-- DataDrivenTesting_AddNewEmployees.addNewEmployees -->
