<?xml version="1.0" encoding="UTF-8"?>
<!-- Generated by org.testng.reporters.JUnitReportReporter -->
<testsuite hostname="RR19-MB34.local" failures="0" tests="1" name="TC001_GetRequest" time="1.378" errors="0" timestamp="2020-05-16T13:42:13 EDT" skipped="0">
  <testcase classname="TC001_GetRequest" name="getWeatherData" time="1.378"/>
  <system-out/>
</testsuite> <!-- TC001_GetRequest -->
